2023-04-20 13:57:19.695 [info] Extension host with pid 9928 started
2023-04-20 13:57:19.695 [info] Skipping acquiring lock for /home/thos/.config/Code - OSS/User/workspaceStorage/ff8e83b566339580ac9d84a9a4b9aa71.
2023-04-20 13:57:20.068 [info] ExtensionService#_doActivateExtension vscode.emmet, startup: false, activationEvent: 'onLanguage'
2023-04-20 13:57:20.228 [info] ExtensionService#_doActivateExtension vscode.git-base, startup: true, activationEvent: '*', root cause: vscode.git
2023-04-20 13:57:20.228 [info] ExtensionService#_doActivateExtension Catppuccin.catppuccin-vsc, startup: true, activationEvent: '*'
2023-04-20 13:57:20.228 [info] ExtensionService#_doActivateExtension CoenraadS.bracket-pair-colorizer-2, startup: true, activationEvent: '*'
2023-04-20 13:57:20.229 [info] ExtensionService#_doActivateExtension cweijan.vscode-postgresql-client2, startup: true, activationEvent: '*'
2023-04-20 13:57:20.229 [info] ExtensionService#_doActivateExtension formulahendry.auto-close-tag, startup: true, activationEvent: '*'
2023-04-20 13:57:20.230 [info] ExtensionService#_doActivateExtension formulahendry.auto-rename-tag, startup: true, activationEvent: '*'
2023-04-20 13:57:20.230 [info] ExtensionService#_doActivateExtension naumovs.color-highlight, startup: true, activationEvent: '*'
2023-04-20 13:57:20.230 [info] ExtensionService#_doActivateExtension wayou.vscode-todo-highlight, startup: true, activationEvent: '*'
2023-04-20 13:57:21.179 [info] ExtensionService#_doActivateExtension vscode.git, startup: true, activationEvent: '*'
2023-04-20 13:57:21.185 [info] ExtensionService#_doActivateExtension vscode.github, startup: true, activationEvent: '*'
2023-04-20 13:57:21.815 [info] Eager extensions activated
2023-04-20 13:57:21.938 [info] ExtensionService#_doActivateExtension vscode.debug-auto-launch, startup: false, activationEvent: 'onStartupFinished'
2023-04-20 13:57:21.939 [info] ExtensionService#_doActivateExtension vscode.merge-conflict, startup: false, activationEvent: 'onStartupFinished'
2023-04-20 13:57:21.939 [info] ExtensionService#_doActivateExtension bierner.color-info, startup: false, activationEvent: 'onStartupFinished'
2023-04-20 13:57:21.939 [info] ExtensionService#_doActivateExtension bradlc.vscode-tailwindcss, startup: false, activationEvent: 'onStartupFinished'
2023-04-20 13:57:21.940 [info] ExtensionService#_doActivateExtension dbaeumer.vscode-eslint, startup: false, activationEvent: 'onStartupFinished'
2023-04-20 13:57:21.940 [info] ExtensionService#_doActivateExtension dsznajder.es7-react-js-snippets, startup: false, activationEvent: 'onStartupFinished'
2023-04-20 13:57:21.940 [info] ExtensionService#_doActivateExtension vscode.npm, startup: false, activationEvent: 'onStartupFinished', root cause: esbenp.prettier-vscode
2023-04-20 13:57:21.940 [info] ExtensionService#_doActivateExtension PKief.material-icon-theme, startup: false, activationEvent: 'onStartupFinished'
2023-04-20 13:57:22.755 [info] ExtensionService#_doActivateExtension esbenp.prettier-vscode, startup: false, activationEvent: 'onStartupFinished'
2023-04-20 13:59:48.818 [info] ExtensionService#_doActivateExtension ms-python.python, startup: false, activationEvent: 'onLanguage:python'
2023-04-20 13:59:50.462 [error] Error: Extension 'ms-python.python' CANNOT use API proposal: testObserver.
Its package.json#enabledApiProposals-property declares:  but NOT testObserver.
 The missing proposal MUST be added and you must start in extension development mode or use the following command line switch: --enable-proposed-api ms-python.python
    at C (/usr/lib/code/out/vs/workbench/api/node/extensionHostProcess.js:94:44957)
    at Object.get testResults [as testResults] (/usr/lib/code/out/vs/workbench/api/node/extensionHostProcess.js:114:26184)
    at E.activate (/home/thos/.vscode-oss/extensions/ms-python.python-2023.6.1-universal/out/client/extension.js:2:792277)
    at /home/thos/.vscode-oss/extensions/ms-python.python-2023.6.1-universal/out/client/extension.js:2:2386
    at Array.map (<anonymous>)
    at f.activateWorkspace (/home/thos/.vscode-oss/extensions/ms-python.python-2023.6.1-universal/out/client/extension.js:2:2376)
    at processTicksAndRejections (node:internal/process/task_queues:96:5)
2023-04-20 14:03:41.161 [info] Extension host terminating: received terminate message from renderer
2023-04-20 14:03:41.211 [info] Extension host with pid 9928 exiting with code 0
