["INFO" - 15:21:49] Extension Name: esbenp.prettier-vscode.
["INFO" - 15:21:49] Extension Version: 9.10.4.
["INFO" - 15:22:32] Formatting vscode-userdata:/home/thos/.config/Code%20-%20OSS/User/settings.json
["INFO" - 15:22:33] File Info:
{
  "ignored": false,
  "inferredParser": "json"
}
["INFO" - 15:22:33] No local configuration (i.e. .prettierrc or .editorconfig) detected, falling back to VS Code configuration
["INFO" - 15:22:33] Prettier Options:
{
  "arrowParens": "always",
  "bracketSpacing": true,
  "endOfLine": "lf",
  "htmlWhitespaceSensitivity": "css",
  "insertPragma": false,
  "singleAttributePerLine": false,
  "bracketSameLine": false,
  "jsxBracketSameLine": false,
  "jsxSingleQuote": false,
  "printWidth": 80,
  "proseWrap": "preserve",
  "quoteProps": "as-needed",
  "requirePragma": false,
  "semi": true,
  "singleQuote": false,
  "tabWidth": 2,
  "trailingComma": "es5",
  "useTabs": false,
  "vueIndentScriptAndStyle": false,
  "filepath": "/home/thos/.config/Code - OSS/User/settings.json",
  "parser": "json"
}
["INFO" - 15:22:33] Formatting completed in 476ms.
