2023-04-20 09:11:24.212 [info] Extension host with pid 25228 started
2023-04-20 09:11:24.212 [info] Skipping acquiring lock for /home/thos/.config/Code - OSS/User/workspaceStorage/f020deb05b799cd1d2688f65c0af0b81.
2023-04-20 09:11:24.343 [info] ExtensionService#_doActivateExtension vscode.git-base, startup: true, activationEvent: '*', root cause: vscode.git
2023-04-20 09:11:24.343 [info] ExtensionService#_doActivateExtension Catppuccin.catppuccin-vsc, startup: true, activationEvent: '*'
2023-04-20 09:11:24.343 [info] ExtensionService#_doActivateExtension CoenraadS.bracket-pair-colorizer-2, startup: true, activationEvent: '*'
2023-04-20 09:11:24.344 [info] ExtensionService#_doActivateExtension cweijan.vscode-postgresql-client2, startup: true, activationEvent: '*'
2023-04-20 09:11:24.344 [info] ExtensionService#_doActivateExtension formulahendry.auto-close-tag, startup: true, activationEvent: '*'
2023-04-20 09:11:24.345 [info] ExtensionService#_doActivateExtension formulahendry.auto-rename-tag, startup: true, activationEvent: '*'
2023-04-20 09:11:24.345 [info] ExtensionService#_doActivateExtension naumovs.color-highlight, startup: true, activationEvent: '*'
2023-04-20 09:11:24.345 [info] ExtensionService#_doActivateExtension wayou.vscode-todo-highlight, startup: true, activationEvent: '*'
2023-04-20 09:11:24.843 [info] ExtensionService#_doActivateExtension vscode.git, startup: true, activationEvent: '*'
2023-04-20 09:11:24.844 [info] ExtensionService#_doActivateExtension vscode.github, startup: true, activationEvent: '*'
2023-04-20 09:11:25.218 [info] Eager extensions activated
2023-04-20 09:11:25.236 [info] ExtensionService#_doActivateExtension vscode.debug-auto-launch, startup: false, activationEvent: 'onStartupFinished'
2023-04-20 09:11:25.237 [info] ExtensionService#_doActivateExtension vscode.merge-conflict, startup: false, activationEvent: 'onStartupFinished'
2023-04-20 09:11:25.237 [info] ExtensionService#_doActivateExtension bierner.color-info, startup: false, activationEvent: 'onStartupFinished'
2023-04-20 09:11:25.237 [info] ExtensionService#_doActivateExtension bradlc.vscode-tailwindcss, startup: false, activationEvent: 'onStartupFinished'
2023-04-20 09:11:25.237 [info] ExtensionService#_doActivateExtension dbaeumer.vscode-eslint, startup: false, activationEvent: 'onStartupFinished'
2023-04-20 09:11:25.237 [info] ExtensionService#_doActivateExtension dsznajder.es7-react-js-snippets, startup: false, activationEvent: 'onStartupFinished'
2023-04-20 09:11:25.237 [info] ExtensionService#_doActivateExtension vscode.npm, startup: false, activationEvent: 'onStartupFinished', root cause: esbenp.prettier-vscode
2023-04-20 09:11:25.238 [info] ExtensionService#_doActivateExtension PKief.material-icon-theme, startup: false, activationEvent: 'onStartupFinished'
2023-04-20 09:11:25.826 [info] ExtensionService#_doActivateExtension esbenp.prettier-vscode, startup: false, activationEvent: 'onStartupFinished'
2023-04-20 09:12:25.930 [info] ExtensionService#_doActivateExtension vscode.emmet, startup: false, activationEvent: 'onLanguage'
2023-04-20 09:32:16.251 [info] Extension host terminating: received terminate message from renderer
2023-04-20 09:32:16.292 [info] Extension host with pid 25228 exiting with code 0
