["INFO" - 15:32:13] Extension Name: esbenp.prettier-vscode.
["INFO" - 15:32:13] Extension Version: 9.10.4.
["INFO" - 15:32:22] Formatting file:///home/thos/Lab/linux/dotfiles/README.md
["INFO" - 15:32:22] Using ignore file (if present) at /home/thos/Lab/linux/dotfiles/.prettierignore
["INFO" - 15:32:22] File Info:
{
  "ignored": false,
  "inferredParser": "markdown"
}
["INFO" - 15:32:22] No local configuration (i.e. .prettierrc or .editorconfig) detected, falling back to VS Code configuration
["INFO" - 15:32:22] Prettier Options:
{
  "arrowParens": "always",
  "bracketSpacing": true,
  "endOfLine": "lf",
  "htmlWhitespaceSensitivity": "css",
  "insertPragma": false,
  "singleAttributePerLine": false,
  "bracketSameLine": false,
  "jsxBracketSameLine": false,
  "jsxSingleQuote": false,
  "printWidth": 80,
  "proseWrap": "preserve",
  "quoteProps": "as-needed",
  "requirePragma": false,
  "semi": true,
  "singleQuote": false,
  "tabWidth": 2,
  "trailingComma": "es5",
  "useTabs": false,
  "vueIndentScriptAndStyle": false,
  "filepath": "/home/thos/Lab/linux/dotfiles/README.md",
  "parser": "markdown"
}
["INFO" - 15:32:22] Formatting completed in 221ms.
