2023-04-20 15:32:10.088 [info] Log level: Info
2023-04-20 15:32:10.088 [info] Validating found git in: "git"
2023-04-20 15:32:10.088 [info] Using git "2.40.0" from "git"
2023-04-20 15:32:10.088 [info] > git rev-parse --show-toplevel [13ms]
2023-04-20 15:32:10.088 [info] > git rev-parse --git-dir --git-common-dir [3ms]
2023-04-20 15:32:10.088 [info] Open repository: /home/thos/Lab/linux/dotfiles
2023-04-20 15:32:10.088 [info] > git rev-parse --show-toplevel [36ms]
2023-04-20 15:32:10.088 [info] > git config --get commit.template [15ms]
2023-04-20 15:32:10.088 [info] > git rev-parse --show-toplevel [41ms]
2023-04-20 15:32:10.088 [info] > git for-each-ref --format=%(refname)%00%(upstream:short)%00%(objectname)%00%(upstream:track)%00%(upstream:remotename)%00%(upstream:remoteref) refs/heads/main refs/remotes/main [31ms]
2023-04-20 15:32:10.088 [info] > git rev-parse --show-toplevel [26ms]
2023-04-20 15:32:10.094 [info] > git rev-parse --show-toplevel [6ms]
2023-04-20 15:32:10.122 [info] > git status -z -uall [55ms]
2023-04-20 15:32:10.145 [info] > git rev-parse --show-toplevel [23ms]
2023-04-20 15:32:10.188 [info] > git config --get commit.template [43ms]
2023-04-20 15:32:10.221 [info] > git rev-parse --show-toplevel [41ms]
2023-04-20 15:32:10.268 [info] > git for-each-ref --format=%(refname)%00%(upstream:short)%00%(objectname)%00%(upstream:track)%00%(upstream:remotename)%00%(upstream:remoteref) refs/heads/main refs/remotes/main [48ms]
2023-04-20 15:32:10.300 [info] > git rev-parse --show-toplevel [41ms]
2023-04-20 15:32:10.325 [info] > git rev-parse --show-toplevel [6ms]
2023-04-20 15:32:10.340 [info] > git status -z -uall [41ms]
2023-04-20 15:32:10.345 [info] > git rev-parse --show-toplevel [5ms]
2023-04-20 15:32:10.831 [info] > git rev-parse --show-toplevel [470ms]
2023-04-20 15:32:10.844 [info] > git check-ignore -v -z --stdin [17ms]
2023-04-20 15:32:10.846 [info] > git rev-parse --show-toplevel [3ms]
2023-04-20 15:32:10.858 [info] > git rev-parse --show-toplevel [2ms]
2023-04-20 15:32:12.589 [info] > git show --textconv :README.md [51ms]
2023-04-20 15:32:12.591 [info] > git ls-files --stage -- /home/thos/Lab/linux/dotfiles/README.md [36ms]
2023-04-20 15:32:12.620 [info] > git cat-file -s ca75e53f2b0ed97aa21e091d079ecb99cff4819e [16ms]
2023-04-20 15:32:23.577 [info] > git config --get commit.template [79ms]
2023-04-20 15:32:23.580 [info] > git for-each-ref --format=%(refname)%00%(upstream:short)%00%(objectname)%00%(upstream:track)%00%(upstream:remotename)%00%(upstream:remoteref) refs/heads/main refs/remotes/main [23ms]
2023-04-20 15:32:23.675 [info] > git status -z -uall [22ms]
2023-04-20 15:32:24.566 [info] > git show --textconv :.zshrc [25ms]
2023-04-20 15:32:24.568 [info] > git ls-files --stage -- /home/thos/Lab/linux/dotfiles/.zshrc [6ms]
2023-04-20 15:32:24.592 [info] > git cat-file -s 323ec4e1dde3c6c380ef45cecd3884ed279ab99d [3ms]
2023-04-20 15:32:29.845 [info] > git show --textconv :.xsession [44ms]
2023-04-20 15:32:29.850 [info] > git ls-files --stage -- /home/thos/Lab/linux/dotfiles/.xsession [8ms]
2023-04-20 15:32:29.896 [info] > git cat-file -s 68a836c54655ac7de508edf119702ab76eca5eda [6ms]
2023-04-20 15:32:31.341 [info] > git show --textconv :.Xresources [46ms]
2023-04-20 15:32:31.344 [info] > git ls-files --stage -- /home/thos/Lab/linux/dotfiles/.Xresources [13ms]
2023-04-20 15:32:31.381 [info] > git cat-file -s c1150db33c1fdb3a0a2fe67b7cc8c8142012d235 [6ms]
2023-04-20 15:32:32.974 [info] > git show --textconv :.vimrc [54ms]
2023-04-20 15:32:32.979 [info] > git ls-files --stage -- /home/thos/Lab/linux/dotfiles/.vimrc [12ms]
2023-04-20 15:32:33.025 [info] > git cat-file -s 71acde20770181030323f8f37773c59b3f38b653 [6ms]
2023-04-20 15:32:58.236 [info] > git rev-parse --show-toplevel [4ms]
2023-04-20 15:32:58.236 [info] fatal: not a git repository (or any parent up to mount point /)
Stopping at filesystem boundary (GIT_DISCOVERY_ACROSS_FILESYSTEM not set).
2023-04-20 15:33:18.256 [info] > git config --get commit.template [63ms]
2023-04-20 15:33:18.261 [info] > git for-each-ref --format=%(refname)%00%(upstream:short)%00%(objectname)%00%(upstream:track)%00%(upstream:remotename)%00%(upstream:remoteref) refs/heads/main refs/remotes/main [8ms]
2023-04-20 15:33:18.298 [info] > git status -z -uall [20ms]
2023-04-20 15:33:30.520 [info] > git config --get commit.template [66ms]
2023-04-20 15:33:30.522 [info] > git for-each-ref --format=%(refname)%00%(upstream:short)%00%(objectname)%00%(upstream:track)%00%(upstream:remotename)%00%(upstream:remoteref) refs/heads/main refs/remotes/main [11ms]
2023-04-20 15:33:30.560 [info] > git status -z -uall [17ms]
2023-04-20 15:33:32.888 [info] > git show --textconv :.fehbg [46ms]
2023-04-20 15:33:32.893 [info] > git ls-files --stage -- /home/thos/Lab/linux/dotfiles/.fehbg [13ms]
2023-04-20 15:33:32.954 [info] > git cat-file -s 94cb48b1c7ee91c4ede307702bb2a1b00011cec0 [14ms]
2023-04-20 15:33:39.399 [info] > git check-ignore -v -z --stdin [8ms]
2023-04-20 15:33:41.523 [info] > git check-ignore -v -z --stdin [6ms]
2023-04-20 15:33:42.998 [info] > git check-ignore -v -z --stdin [11ms]
2023-04-20 15:33:45.779 [info] > git check-ignore -v -z --stdin [9ms]
2023-04-20 15:33:47.817 [info] > git check-ignore -v -z --stdin [10ms]
2023-04-20 15:33:51.062 [info] > git check-ignore -v -z --stdin [11ms]
2023-04-20 15:33:54.670 [info] > git check-ignore -v -z --stdin [8ms]
2023-04-20 15:33:56.440 [info] > git check-ignore -v -z --stdin [9ms]
2023-04-20 15:33:59.053 [info] > git check-ignore -v -z --stdin [11ms]
2023-04-20 15:34:08.613 [info] > git config --get commit.template [11ms]
2023-04-20 15:34:08.614 [info] > git for-each-ref --format=%(refname)%00%(upstream:short)%00%(objectname)%00%(upstream:track)%00%(upstream:remotename)%00%(upstream:remoteref) refs/heads/main refs/remotes/main [2ms]
2023-04-20 15:34:08.633 [info] > git status -z -uall [10ms]
2023-04-20 15:34:12.214 [info] > git check-ignore -v -z --stdin [3ms]
2023-04-20 15:34:13.843 [info] > git check-ignore -v -z --stdin [2ms]
2023-04-20 15:34:31.829 [info] > git config --get commit.template [18ms]
2023-04-20 15:34:31.830 [info] > git for-each-ref --format=%(refname)%00%(upstream:short)%00%(objectname)%00%(upstream:track)%00%(upstream:remotename)%00%(upstream:remoteref) refs/heads/main refs/remotes/main [3ms]
2023-04-20 15:34:31.856 [info] > git status -z -uall [12ms]
2023-04-20 15:34:33.711 [info] > git show --textconv :.bin/spolybar [20ms]
2023-04-20 15:34:33.711 [info] > git ls-files --stage -- /home/thos/Lab/linux/dotfiles/.bin/spolybar [4ms]
2023-04-20 15:34:33.729 [info] > git cat-file -s 859a6694ccda8cbca99abec1649b3e4a0cf03785 [2ms]
2023-04-20 15:34:36.938 [info] > git config --get commit.template [39ms]
2023-04-20 15:34:36.941 [info] > git for-each-ref --format=%(refname)%00%(upstream:short)%00%(objectname)%00%(upstream:track)%00%(upstream:remotename)%00%(upstream:remoteref) refs/heads/main refs/remotes/main [5ms]
2023-04-20 15:34:36.999 [info] > git status -z -uall [29ms]
2023-04-20 15:34:38.943 [info] > git show --textconv :.bin/randomwall [14ms]
2023-04-20 15:34:38.945 [info] > git ls-files --stage -- /home/thos/Lab/linux/dotfiles/.bin/randomwall [4ms]
2023-04-20 15:34:38.962 [info] > git cat-file -s cd1e00c46203df6e91502d96b088fcdc81bc5779 [3ms]
2023-04-20 15:34:53.697 [info] > git check-ignore -v -z --stdin [8ms]
2023-04-20 15:34:54.505 [info] > git show --textconv :.config/alacritty/alacritty.yml [23ms]
2023-04-20 15:34:54.507 [info] > git ls-files --stage -- /home/thos/Lab/linux/dotfiles/.config/alacritty/alacritty.yml [5ms]
2023-04-20 15:34:54.524 [info] > git cat-file -s 30709981e61cfb465d463fe89e61713acdbe2912 [2ms]
2023-04-20 15:35:00.022 [info] > git check-ignore -v -z --stdin [12ms]
