2023-04-20 09:36:25.886 [info] Log level: Info
2023-04-20 09:36:25.886 [info] Validating found git in: "git"
2023-04-20 09:36:25.887 [info] Using git "2.40.0" from "git"
2023-04-20 09:36:25.890 [info] > git rev-parse --show-toplevel [10ms]
2023-04-20 09:36:25.890 [info] fatal: not a git repository (or any parent up to mount point /)
Stopping at filesystem boundary (GIT_DISCOVERY_ACROSS_FILESYSTEM not set).
2023-04-20 09:36:25.913 [info] > git rev-parse --show-toplevel [10ms]
2023-04-20 09:36:25.913 [info] fatal: not a git repository (or any parent up to mount point /)
Stopping at filesystem boundary (GIT_DISCOVERY_ACROSS_FILESYSTEM not set).
2023-04-20 09:36:25.927 [info] > git rev-parse --show-toplevel [3ms]
2023-04-20 09:36:25.927 [info] fatal: not a git repository (or any parent up to mount point /)
Stopping at filesystem boundary (GIT_DISCOVERY_ACROSS_FILESYSTEM not set).
2023-04-20 09:36:25.942 [info] > git rev-parse --show-toplevel [3ms]
2023-04-20 09:36:25.942 [info] fatal: not a git repository (or any parent up to mount point /)
Stopping at filesystem boundary (GIT_DISCOVERY_ACROSS_FILESYSTEM not set).
2023-04-20 09:36:25.955 [info] > git rev-parse --show-toplevel [2ms]
2023-04-20 09:36:25.955 [info] fatal: not a git repository (or any parent up to mount point /)
Stopping at filesystem boundary (GIT_DISCOVERY_ACROSS_FILESYSTEM not set).
2023-04-20 09:36:25.965 [info] > git rev-parse --show-toplevel [1ms]
2023-04-20 09:36:25.965 [info] fatal: not a git repository (or any parent up to mount point /)
Stopping at filesystem boundary (GIT_DISCOVERY_ACROSS_FILESYSTEM not set).
2023-04-20 09:36:26.755 [info] > git rev-parse --show-toplevel [61ms]
2023-04-20 09:36:26.755 [info] fatal: not a git repository (or any parent up to mount point /)
Stopping at filesystem boundary (GIT_DISCOVERY_ACROSS_FILESYSTEM not set).
2023-04-20 09:36:49.846 [info] > git rev-parse --show-toplevel [25ms]
2023-04-20 09:36:49.846 [info] fatal: not a git repository (or any parent up to mount point /)
Stopping at filesystem boundary (GIT_DISCOVERY_ACROSS_FILESYSTEM not set).
2023-04-20 09:38:12.687 [info] > git rev-parse --show-toplevel [15ms]
2023-04-20 09:38:12.687 [info] fatal: not a git repository (or any parent up to mount point /)
Stopping at filesystem boundary (GIT_DISCOVERY_ACROSS_FILESYSTEM not set).
2023-04-20 09:38:16.310 [info] > git rev-parse --show-toplevel [8ms]
2023-04-20 09:38:16.311 [info] fatal: not a git repository (or any parent up to mount point /)
Stopping at filesystem boundary (GIT_DISCOVERY_ACROSS_FILESYSTEM not set).
