Python interpreter path: /bin/python
[ERROR 2023-3-20 13:59:49.410]: [
  'Failed to activate a workspace, Class name = f, completed in 95ms, has a falsy return value, Arg 1: <Uri:/home/thos/.config/dunst/nord/dunstrc>, Return Value: undefined',
  Error: Extension 'ms-python.python' CANNOT use API proposal: testObserver.
  Its package.json#enabledApiProposals-property declares:  but NOT testObserver.
   The missing proposal MUST be added and you must start in extension development mode or use the following command line switch: --enable-proposed-api ms-python.python
      at C (/usr/lib/code/out/vs/workbench/api/node/extensionHostProcess.js:94:44957)
      at Object.get testResults [as testResults] (/usr/lib/code/out/vs/workbench/api/node/extensionHostProcess.js:114:26184)
      at E.activate (/home/thos/.vscode-oss/extensions/ms-python.python-2023.6.1-universal/out/client/extension.js:2:792277)
      at /home/thos/.vscode-oss/extensions/ms-python.python-2023.6.1-universal/out/client/extension.js:2:2386
      at Array.map (<anonymous>)
      at f.activateWorkspace (/home/thos/.vscode-oss/extensions/ms-python.python-2023.6.1-universal/out/client/extension.js:2:2376)
      at processTicksAndRejections (node:internal/process/task_queues:96:5)
]
[ERROR 2023-3-20 13:59:49.459]: Failure during activation. Error: Extension 'ms-python.python' CANNOT use API proposal: testObserver.
Its package.json#enabledApiProposals-property declares:  but NOT testObserver.
 The missing proposal MUST be added and you must start in extension development mode or use the following command line switch: --enable-proposed-api ms-python.python
    at C (/usr/lib/code/out/vs/workbench/api/node/extensionHostProcess.js:94:44957)
    at Object.get testResults [as testResults] (/usr/lib/code/out/vs/workbench/api/node/extensionHostProcess.js:114:26184)
    at E.activate (/home/thos/.vscode-oss/extensions/ms-python.python-2023.6.1-universal/out/client/extension.js:2:792277)
    at /home/thos/.vscode-oss/extensions/ms-python.python-2023.6.1-universal/out/client/extension.js:2:2386
    at Array.map (<anonymous>)
    at f.activateWorkspace (/home/thos/.vscode-oss/extensions/ms-python.python-2023.6.1-universal/out/client/extension.js:2:2376)
    at processTicksAndRejections (node:internal/process/task_queues:96:5)
[ERROR 2023-3-20 13:59:49.459]: sendStartupTelemetry() failed. Error: Extension 'ms-python.python' CANNOT use API proposal: testObserver.
Its package.json#enabledApiProposals-property declares:  but NOT testObserver.
 The missing proposal MUST be added and you must start in extension development mode or use the following command line switch: --enable-proposed-api ms-python.python
    at C (/usr/lib/code/out/vs/workbench/api/node/extensionHostProcess.js:94:44957)
    at Object.get testResults [as testResults] (/usr/lib/code/out/vs/workbench/api/node/extensionHostProcess.js:114:26184)
    at E.activate (/home/thos/.vscode-oss/extensions/ms-python.python-2023.6.1-universal/out/client/extension.js:2:792277)
    at /home/thos/.vscode-oss/extensions/ms-python.python-2023.6.1-universal/out/client/extension.js:2:2386
    at Array.map (<anonymous>)
    at f.activateWorkspace (/home/thos/.vscode-oss/extensions/ms-python.python-2023.6.1-universal/out/client/extension.js:2:2376)
    at processTicksAndRejections (node:internal/process/task_queues:96:5)
Starting Jedi language server for dunst.
